brion/and/KingdomOfCurling/app/build/outputs/logs/manifest-merger-debug-report.txt
-- Merging decision tree log ---
manifest
ADDED from src/main/AndroidManifest.xml:2:1-71:12
INJECTED from src/main/AndroidManifest.xml:2:1-71:12
INJECTED from src/main/AndroidManifest.xml:2:1-71:12
INJECTED from src/main/AndroidManifest.xml:2:1-71:12
MERGED from [com.android.support:design:27.1.0] AndroidManifest.xml:17:1-22:12
MERGED from [com.facebook.android:facebook-login:4.38.1] AndroidManifest.xml:21:1-31:12
MERGED from [com.facebook.android:facebook-common:4.38.1] AndroidManifest.xml:21:1-37:12
MERGED from [com.android.support:appcompat-v7:27.1.1] AndroidManifest.xml:17:1-22:12
MERGED from [com.android.support:support-v4:27.1.0] AndroidManifest.xml:17:1-22:12
MERGED from [com.android.support.constraint:constraint-layout:1.1.3] AndroidManifest.xml:2:1-11:12
MERGED from [com.github.bumptech.glide:glide:4.8.0] AndroidManifest.xml:2:1-12:12
MERGED from [:naveridlogin_android_sdk_4.2.0] AndroidManifest.xml:2:1-43:12
MERGED from [com.android.support:recyclerview-v7:27.1.0] AndroidManifest.xml:17:1-22:12
MERGED from [com.android.support:transition:27.1.0] AndroidManifest.xml:17:1-22:12
MERGED from [com.github.bumptech.glide:gifdecoder:4.8.0] AndroidManifest.xml:2:1-11:12
MERGED from [com.facebook.android:facebook-core:4.38.1] AndroidManifest.xml:21:1-53:12
MERGED from [com.android.support:cardview-v7:27.0.2] AndroidManifest.xml:17:1-22:12
MERGED from [com.android.support:customtabs:27.0.2] AndroidManifest.xml:17:1-22:12
MERGED from [com.android.support:support-fragment:27.1.1] AndroidManifest.xml:17:1-22:12
MERGED from [com.android.support:animated-vector-drawable:27.1.1] AndroidManifest.xml:17:1-22:12
MERGED from [com.android.support:support-core-ui:27.1.1] AndroidManifest.xml:17:1-22:12
MERGED from [com.android.support:support-core-utils:27.1.1] AndroidManifest.xml:17:1-22:12
MERGED from [com.android.support:support-vector-drawable:27.1.1] AndroidManifest.xml:17:1-22:12
MERGED from [com.android.support:support-media-compat:27.1.0] AndroidManifest.xml:17:1-22:12
MERGED from [com.android.support:support-compat:27.1.1] AndroidManifest.xml:17:1-22:12
MERGED from [android.arch.lifecycle:runtime:1.1.0] AndroidManifest.xml:17:1-22:12
MERGED from [android.arch.lifecycle:livedata-core:1.1.0] AndroidManifest.xml:17:1-22:12
MERGED from [android.arch.core:runtime:1.1.0] AndroidManifest.xml:17:1-22:12
MERGED from [android.arch.lifecycle:viewmodel:1.1.0] AndroidManifest.xml:17:1-22:12
INJECTED from src/main/AndroidManifest.xml:2:1-71:12
INJECTED from src/main/AndroidManifest.xml:2:1-71:12
INJECTED from src/main/AndroidManifest.xml:2:1-71:12
	package
		ADDED from src/main/AndroidManifest.xml:3:5-43
		INJECTED from src/main/AndroidManifest.xml
		INJECTED from src/main/AndroidManifest.xml
	android:versionName
		INJECTED from src/main/AndroidManifest.xml
		ADDED from src/main/AndroidManifest.xml:2:1-71:12
		INJECTED from src/main/AndroidManifest.xml
	android:versionCode
		INJECTED from src/main/AndroidManifest.xml
		ADDED from src/main/AndroidManifest.xml:2:1-71:12
		INJECTED from src/main/AndroidManifest.xml
	xmlns:android
		ADDED from src/main/AndroidManifest.xml:2:11-69
uses-permission#android.permission.CAMERA
ADDED from src/main/AndroidManifest.xml:6:5-65
	android:name
		ADDED from src/main/AndroidManifest.xml:6:22-62
uses-permission#android.permission.INTERNET
ADDED from src/main/AndroidManifest.xml:8:5-67
MERGED from [:naveridlogin_android_sdk_4.2.0] AndroidManifest.xml:14:5-67
MERGED from [:naveridlogin_android_sdk_4.2.0] AndroidManifest.xml:14:5-67
	android:name
		ADDED from src/main/AndroidManifest.xml:8:22-64
uses-permission#android.permission.ACCESS_FINE_LOCATION
ADDED from src/main/AndroidManifest.xml:9:5-79
	android:name
		ADDED from src/main/AndroidManifest.xml:9:22-76
uses-permission#android.permission.ACCESS_COARSE_LOCATION
ADDED from src/main/AndroidManifest.xml:10:5-81
	android:name
		ADDED from src/main/AndroidManifest.xml:10:22-78
uses-permission#android.permission.ACCESS_WIFI_STATE
ADDED from src/main/AndroidManifest.xml:11:5-76
	android:name
		ADDED from src/main/AndroidManifest.xml:11:22-73
uses-permission#android.permission.CHANGE_WIFI_STATE
ADDED from src/main/AndroidManifest.xml:12:5-76
	android:name
		ADDED from src/main/AndroidManifest.xml:12:22-73
permission#android.permission.MEDIA_CONTENT_CONTROL
ADDED from src/main/AndroidManifest.xml:14:5-75
	android:name
		ADDED from src/main/AndroidManifest.xml:14:17-72
uses-permission#android.permission.READ_PHONE_STATE
ADDED from src/main/AndroidManifest.xml:16:5-75
	android:name
		ADDED from src/main/AndroidManifest.xml:16:22-72
uses-permission#android.permission.READ_EXTERNAL_STORAGE
ADDED from src/main/AndroidManifest.xml:18:5-80
	android:name
		ADDED from src/main/AndroidManifest.xml:18:22-77
uses-permission#android.permission.WRITE_EXTERNAL_STORAGE
ADDED from src/main/AndroidManifest.xml:19:5-81
	android:name
		ADDED from src/main/AndroidManifest.xml:19:22-78
application
ADDED from src/main/AndroidManifest.xml:21:5-69:19
MERGED from [com.facebook.android:facebook-login:4.38.1] AndroidManifest.xml:28:5-29:19
MERGED from [com.facebook.android:facebook-login:4.38.1] AndroidManifest.xml:28:5-29:19
MERGED from [com.facebook.android:facebook-common:4.38.1] AndroidManifest.xml:28:5-35:19
MERGED from [com.facebook.android:facebook-common:4.38.1] AndroidManifest.xml:28:5-35:19
MERGED from [com.android.support.constraint:constraint-layout:1.1.3] AndroidManifest.xml:9:5-20
MERGED from [com.android.support.constraint:constraint-layout:1.1.3] AndroidManifest.xml:9:5-20
MERGED from [com.github.bumptech.glide:glide:4.8.0] AndroidManifest.xml:10:5-20
MERGED from [com.github.bumptech.glide:glide:4.8.0] AndroidManifest.xml:10:5-20
MERGED from [:naveridlogin_android_sdk_4.2.0] AndroidManifest.xml:16:5-41:19
MERGED from [:naveridlogin_android_sdk_4.2.0] AndroidManifest.xml:16:5-41:19
MERGED from [com.github.bumptech.glide:gifdecoder:4.8.0] AndroidManifest.xml:9:5-20
MERGED from [com.github.bumptech.glide:gifdecoder:4.8.0] AndroidManifest.xml:9:5-20
MERGED from [com.facebook.android:facebook-core:4.38.1] AndroidManifest.xml:28:5-51:19
MERGED from [com.facebook.android:facebook-core:4.38.1] AndroidManifest.xml:28:5-51:19
	android:supportsRtl
		ADDED from src/main/AndroidManifest.xml:26:9-35
	android:label
		ADDED from src/main/AndroidManifest.xml:24:9-41
	android:roundIcon
		ADDED from src/main/AndroidManifest.xml:25:9-54
	android:icon
		ADDED from src/main/AndroidManifest.xml:23:9-43
	android:allowBackup
		ADDED from src/main/AndroidManifest.xml:22:9-35
	android:theme
		ADDED from src/main/AndroidManifest.xml:27:9-40
service#com.curling.kingdomofcurling.service.MediaPlayerService
ADDED from src/main/AndroidManifest.xml:28:9-63
	android:name
		ADDED from src/main/AndroidManifest.xml:28:18-60
meta-data#com.kakao.sdk.AppKey
ADDED from src/main/AndroidManifest.xml:30:9-32:64
	android:value
		ADDED from src/main/AndroidManifest.xml:32:13-61
	android:name
		ADDED from src/main/AndroidManifest.xml:31:13-48
meta-data#com.facebook.sdk.ApplicationId
ADDED from src/main/AndroidManifest.xml:35:9-37:55
	android:value
		ADDED from src/main/AndroidManifest.xml:37:13-52
	android:name
		ADDED from src/main/AndroidManifest.xml:36:13-58
activity#com.facebook.FacebookActivity
ADDED from src/main/AndroidManifest.xml:39:9-42:48
MERGED from [com.facebook.android:facebook-common:4.38.1] AndroidManifest.xml:29:9-32:66
MERGED from [com.facebook.android:facebook-common:4.38.1] AndroidManifest.xml:29:9-32:66
	android:label
		ADDED from src/main/AndroidManifest.xml:42:13-45
	android:configChanges
		ADDED from src/main/AndroidManifest.xml:41:13-96
	android:theme
		ADDED from [com.facebook.android:facebook-common:4.38.1] AndroidManifest.xml:32:13-63
	android:name
		ADDED from src/main/AndroidManifest.xml:40:13-57
activity#com.facebook.CustomTabActivity
ADDED from src/main/AndroidManifest.xml:43:9-54:20
MERGED from [com.facebook.android:facebook-common:4.38.1] AndroidManifest.xml:34:9-67
MERGED from [com.facebook.android:facebook-common:4.38.1] AndroidManifest.xml:34:9-67
	android:exported
		ADDED from src/main/AndroidManifest.xml:45:13-36
	android:name
		ADDED from src/main/AndroidManifest.xml:44:13-58
intent-filter#action:name:android.intent.action.VIEW+category:name:android.intent.category.BROWSABLE+category:name:android.intent.category.DEFAULT+data:scheme:@string/fb_login_protocol_scheme
ADDED from src/main/AndroidManifest.xml:46:13-53:29
action#android.intent.action.VIEW
ADDED from src/main/AndroidManifest.xml:47:17-69
	android:name
		ADDED from src/main/AndroidManifest.xml:47:25-66
category#android.intent.category.DEFAULT
ADDED from src/main/AndroidManifest.xml:49:17-76
	android:name
		ADDED from src/main/AndroidManifest.xml:49:27-73
category#android.intent.category.BROWSABLE
ADDED from src/main/AndroidManifest.xml:50:17-78
	android:name
		ADDED from src/main/AndroidManifest.xml:50:27-75
data
ADDED from src/main/AndroidManifest.xml:52:17-75
	android:scheme
		ADDED from src/main/AndroidManifest.xml:52:23-72
activity#com.curling.kingdomofcurling.ui.MainActivity
ADDED from src/main/AndroidManifest.xml:55:9-62:20
	android:name
		ADDED from src/main/AndroidManifest.xml:55:19-50
intent-filter#action:name:android.intent.action.MAIN+category:name:android.intent.category.LAUNCHER
ADDED from src/main/AndroidManifest.xml:56:13-60:29
action#android.intent.action.MAIN
ADDED from src/main/AndroidManifest.xml:57:17-69
	android:name
		ADDED from src/main/AndroidManifest.xml:57:25-66
category#android.intent.category.LAUNCHER
ADDED from src/main/AndroidManifest.xml:59:17-77
	android:name
		ADDED from src/main/AndroidManifest.xml:59:27-74
activity#com.curling.kingdomofcurling.ui.camera.CameraViewActivity
ADDED from src/main/AndroidManifest.xml:63:9-66
	android:name
		ADDED from src/main/AndroidManifest.xml:63:19-63
activity#com.curling.kingdomofcurling.ui.IntroActivity
ADDED from src/main/AndroidManifest.xml:64:9-66:20
	android:name
		ADDED from src/main/AndroidManifest.xml:64:19-51
activity#com.curling.kingdomofcurling.ui.map.CurlingMapActivity
ADDED from src/main/AndroidManifest.xml:67:9-63
	android:name
		ADDED from src/main/AndroidManifest.xml:67:19-60
activity#com.curling.kingdomofcurling.ui.EmailLoginActivity
ADDED from src/main/AndroidManifest.xml:68:9-68
	android:name
		ADDED from src/main/AndroidManifest.xml:68:19-56
uses-sdk
INJECTED from src/main/AndroidManifest.xml reason: use-sdk injection requested
INJECTED from src/main/AndroidManifest.xml
INJECTED from src/main/AndroidManifest.xml
MERGED from [com.android.support:design:27.1.0] AndroidManifest.xml:20:5-44
MERGED from [com.android.support:design:27.1.0] AndroidManifest.xml:20:5-44
MERGED from [com.facebook.android:facebook-login:4.38.1] AndroidManifest.xml:24:5-26:41
MERGED from [com.facebook.android:facebook-login:4.38.1] AndroidManifest.xml:24:5-26:41
MERGED from [com.facebook.android:facebook-common:4.38.1] AndroidManifest.xml:24:5-26:41
MERGED from [com.facebook.android:facebook-common:4.38.1] AndroidManifest.xml:24:5-26:41
MERGED from [com.android.support:appcompat-v7:27.1.1] AndroidManifest.xml:20:5-44
MERGED from [com.android.support:appcompat-v7:27.1.1] AndroidManifest.xml:20:5-44
MERGED from [com.android.support:support-v4:27.1.0] AndroidManifest.xml:20:5-44
MERGED from [com.android.support:support-v4:27.1.0] AndroidManifest.xml:20:5-44
MERGED from [com.android.support.constraint:constraint-layout:1.1.3] AndroidManifest.xml:5:5-7:41
MERGED from [com.android.support.constraint:constraint-layout:1.1.3] AndroidManifest.xml:5:5-7:41
MERGED from [com.github.bumptech.glide:glide:4.8.0] AndroidManifest.xml:6:5-8:41
MERGED from [com.github.bumptech.glide:glide:4.8.0] AndroidManifest.xml:6:5-8:41
MERGED from [:naveridlogin_android_sdk_4.2.0] AndroidManifest.xml:8:5-11:62
MERGED from [:naveridlogin_android_sdk_4.2.0] AndroidManifest.xml:8:5-11:62
MERGED from [com.android.support:recyclerview-v7:27.1.0] AndroidManifest.xml:20:5-44
MERGED from [com.android.support:recyclerview-v7:27.1.0] AndroidManifest.xml:20:5-44
MERGED from [com.android.support:transition:27.1.0] AndroidManifest.xml:20:5-44
MERGED from [com.android.support:transition:27.1.0] AndroidManifest.xml:20:5-44
MERGED from [com.github.bumptech.glide:gifdecoder:4.8.0] AndroidManifest.xml:5:5-7:41
MERGED from [com.github.bumptech.glide:gifdecoder:4.8.0] AndroidManifest.xml:5:5-7:41
MERGED from [com.facebook.android:facebook-core:4.38.1] AndroidManifest.xml:24:5-26:41
MERGED from [com.facebook.android:facebook-core:4.38.1] AndroidManifest.xml:24:5-26:41
MERGED from [com.android.support:cardview-v7:27.0.2] AndroidManifest.xml:20:5-44
MERGED from [com.android.support:cardview-v7:27.0.2] AndroidManifest.xml:20:5-44
MERGED from [com.android.support:customtabs:27.0.2] AndroidManifest.xml:20:5-44
MERGED from [com.android.support:customtabs:27.0.2] AndroidManifest.xml:20:5-44
MERGED from [com.android.support:support-fragment:27.1.1] AndroidManifest.xml:20:5-44
MERGED from [com.android.support:support-fragment:27.1.1] AndroidManifest.xml:20:5-44
MERGED from [com.android.support:animated-vector-drawable:27.1.1] AndroidManifest.xml:20:5-44
MERGED from [com.android.support:animated-vector-drawable:27.1.1] AndroidManifest.xml:20:5-44
MERGED from [com.android.support:support-core-ui:27.1.1] AndroidManifest.xml:20:5-44
MERGED from [com.android.support:support-core-ui:27.1.1] AndroidManifest.xml:20:5-44
MERGED from [com.android.support:support-core-utils:27.1.1] AndroidManifest.xml:20:5-44
MERGED from [com.android.support:support-core-utils:27.1.1] AndroidManifest.xml:20:5-44
MERGED from [com.android.support:support-vector-drawable:27.1.1] AndroidManifest.xml:20:5-44
MERGED from [com.android.support:support-vector-drawable:27.1.1] AndroidManifest.xml:20:5-44
MERGED from [com.android.support:support-media-compat:27.1.0] AndroidManifest.xml:20:5-44
MERGED from [com.android.support:support-media-compat:27.1.0] AndroidManifest.xml:20:5-44
MERGED from [com.android.support:support-compat:27.1.1] AndroidManifest.xml:20:5-44
MERGED from [com.android.support:support-compat:27.1.1] AndroidManifest.xml:20:5-44
MERGED from [android.arch.lifecycle:runtime:1.1.0] AndroidManifest.xml:20:5-44
MERGED from [android.arch.lifecycle:runtime:1.1.0] AndroidManifest.xml:20:5-44
MERGED from [android.arch.lifecycle:livedata-core:1.1.0] AndroidManifest.xml:20:5-44
MERGED from [android.arch.lifecycle:livedata-core:1.1.0] AndroidManifest.xml:20:5-44
MERGED from [android.arch.core:runtime:1.1.0] AndroidManifest.xml:20:5-44
MERGED from [android.arch.core:runtime:1.1.0] AndroidManifest.xml:20:5-44
MERGED from [android.arch.lifecycle:viewmodel:1.1.0] AndroidManifest.xml:20:5-44
MERGED from [android.arch.lifecycle:viewmodel:1.1.0] AndroidManifest.xml:20:5-44
INJECTED from src/main/AndroidManifest.xml
INJECTED from src/main/AndroidManifest.xml
	tools:overrideLibrary
		ADDED from [:naveridlogin_android_sdk_4.2.0] AndroidManifest.xml:11:9-59
	android:targetSdkVersion
		INJECTED from src/main/AndroidManifest.xml
		ADDED from src/main/AndroidManifest.xml
		INJECTED from src/main/AndroidManifest.xml
	android:minSdkVersion
		INJECTED from src/main/AndroidManifest.xml
		ADDED from src/main/AndroidManifest.xml
		INJECTED from src/main/AndroidManifest.xml
activity#com.facebook.CustomTabMainActivity
ADDED from [com.facebook.android:facebook-common:4.38.1] AndroidManifest.xml:33:9-71
	android:name
		ADDED from [com.facebook.android:facebook-common:4.38.1] AndroidManifest.xml:33:19-68
uses-permission#android.permission.ACCESS_NETWORK_STATE
ADDED from [:naveridlogin_android_sdk_4.2.0] AndroidManifest.xml:13:5-79
	android:name
		ADDED from [:naveridlogin_android_sdk_4.2.0] AndroidManifest.xml:13:22-76
activity#com.nhn.android.naverlogin.ui.OAuthLoginActivity
ADDED from [:naveridlogin_android_sdk_4.2.0] AndroidManifest.xml:17:9-19:67
	android:theme
		ADDED from [:naveridlogin_android_sdk_4.2.0] AndroidManifest.xml:19:13-64
	android:name
		ADDED from [:naveridlogin_android_sdk_4.2.0] AndroidManifest.xml:18:13-76
activity#com.nhn.android.naverlogin.ui.OAuthLoginInAppBrowserActivity
ADDED from [:naveridlogin_android_sdk_4.2.0] AndroidManifest.xml:20:9-23:47
	android:label
		ADDED from [:naveridlogin_android_sdk_4.2.0] AndroidManifest.xml:23:13-44
	android:configChanges
		ADDED from [:naveridlogin_android_sdk_4.2.0] AndroidManifest.xml:22:13-59
	android:name
		ADDED from [:naveridlogin_android_sdk_4.2.0] AndroidManifest.xml:21:13-88
activity#com.nhn.android.naverlogin.ui.OAuthCustomTabActivity
ADDED from [:naveridlogin_android_sdk_4.2.0] AndroidManifest.xml:24:9-40:20
	android:launchMode
		ADDED from [:naveridlogin_android_sdk_4.2.0] AndroidManifest.xml:27:13-44
	android:configChanges
		ADDED from [:naveridlogin_android_sdk_4.2.0] AndroidManifest.xml:26:13-59
	android:theme
		ADDED from [:naveridlogin_android_sdk_4.2.0] AndroidManifest.xml:28:13-72
	android:name
		ADDED from [:naveridlogin_android_sdk_4.2.0] AndroidManifest.xml:25:13-80
intent-filter#action:name:android.intent.action.VIEW+category:name:android.intent.category.BROWSABLE+category:name:android.intent.category.DEFAULT+data:host:authorize+data:path:/+data:scheme:naver3rdpartylogin
ADDED from [:naveridlogin_android_sdk_4.2.0] AndroidManifest.xml:29:13-39:29
provider#com.facebook.internal.FacebookInitProvider
ADDED from [com.facebook.android:facebook-core:4.38.1] AndroidManifest.xml:39:9-42:40
	android:authorities
		ADDED from [com.facebook.android:facebook-core:4.38.1] AndroidManifest.xml:41:13-72
	android:exported
		ADDED from [com.facebook.android:facebook-core:4.38.1] AndroidManifest.xml:42:13-37
	android:name
		ADDED from [com.facebook.android:facebook-core:4.38.1] AndroidManifest.xml:40:13-70
receiver#com.facebook.CurrentAccessTokenExpirationBroadcastReceiver
ADDED from [com.facebook.android:facebook-core:4.38.1] AndroidManifest.xml:44:9-50:20
	android:exported
		ADDED from [com.facebook.android:facebook-core:4.38.1] AndroidManifest.xml:46:13-37
	android:name
		ADDED from [com.facebook.android:facebook-core:4.38.1] AndroidManifest.xml:45:13-86
intent-filter#action:name:com.facebook.sdk.ACTION_CURRENT_ACCESS_TOKEN_CHANGED
ADDED from [com.facebook.android:facebook-core:4.38.1] AndroidManifest.xml:47:13-49:29
action#com.facebook.sdk.ACTION_CURRENT_ACCESS_TOKEN_CHANGED
ADDED from [com.facebook.android:facebook-core:4.38.1] AndroidManifest.xml:48:17-95
	android:name
		ADDED from [com.facebook.android:facebook-core:4.38.1] AndroidManifest.xml:48:25-92